<?xml version="1.0" encoding="utf-8"?>
<test-run id="2" name="readonly-bytes.dll" fullname="D:/Софья Зименкова/учёба/c#/ооп/readonly-bytes/bin/Debug/net6.0/readonly-bytes.dll" testcasecount="14" result="Passed" start-time="2023-03-05T20:07:35.0940580Z" end-time="2023-03-05T20:07:35.2679864Z" duration="0.173899" total="14" passed="14" failed="0" inconclusive="0" skipped="0" warnings="0" asserts="100035" random-seed="155010995">
  <command-line><![CDATA["D:\Софья Зименкова\учёба\c#\ооп\readonly-bytes\bin\Debug\net6.0\readonly-bytes.dll"]]></command-line>
  <filter />
  <test-suite type="Assembly" id="1016" name="readonly-bytes.dll" fullname="D:/Софья Зименкова/учёба/c#/ооп/readonly-bytes/bin/Debug/net6.0/readonly-bytes.dll" runstate="Runnable" testcasecount="14" result="Passed" start-time="2023-03-05T20:07:35.0940580Z" end-time="2023-03-05T20:07:35.2679864Z" duration="0.173899" total="14" passed="14" failed="0" warnings="0" inconclusive="0" skipped="0" asserts="100035">
    <environment framework-version="3.13.3.0" clr-version="6.0.8" os-version="Microsoft Windows 10.0.19045" platform="Win32NT" cwd="D:\Софья Зименкова\учёба\c#\ооп\readonly-bytes\bin\Debug\net6.0" machine-name="DESKTOP-C3F796C" user="Софья Зименкова" user-domain="DESKTOP-C3F796C" culture="ru-RU" uiculture="ru-RU" os-architecture="x64" />
    <settings>
      <setting name="WorkDirectory" value="D:\Софья Зименкова\учёба\c#\ооп\readonly-bytes\bin\Debug\net6.0" />
      <setting name="NumberOfTestWorkers" value="16" />
    </settings>
    <properties>
      <property name="_PID" value="20268" />
      <property name="_APPDOMAIN" value="readonly-bytes" />
    </properties>
    <test-suite type="TestSuite" id="1017" name="hashes" fullname="hashes" runstate="Runnable" testcasecount="14" result="Passed" start-time="2023-03-05T20:07:35.0975210Z" end-time="2023-03-05T20:07:35.2679835Z" duration="0.170462" total="14" passed="14" failed="0" warnings="0" inconclusive="0" skipped="0" asserts="100035">
      <test-suite type="TestFixture" id="1000" name="ReadonlyBytesTests" fullname="hashes.ReadonlyBytesTests" classname="hashes.ReadonlyBytesTests" runstate="Runnable" testcasecount="14" result="Passed" start-time="2023-03-05T20:07:35.0985377Z" end-time="2023-03-05T20:07:35.2679755Z" duration="0.169438" total="14" passed="14" failed="0" warnings="0" inconclusive="0" skipped="0" asserts="100035">
        <test-case id="1001" name="Creation" fullname="hashes.ReadonlyBytesTests.Creation" methodname="Creation" classname="hashes.ReadonlyBytesTests" runstate="Runnable" seed="548246204" result="Passed" start-time="2023-03-05T20:07:35.1001983Z" end-time="2023-03-05T20:07:35.1039091Z" duration="0.003789" asserts="0" />
        <test-case id="1002" name="CreationException" fullname="hashes.ReadonlyBytesTests.CreationException" methodname="CreationException" classname="hashes.ReadonlyBytesTests" runstate="Runnable" seed="739158826" result="Passed" start-time="2023-03-05T20:07:35.1051363Z" end-time="2023-03-05T20:07:35.1228600Z" duration="0.017724" asserts="1" />
        <test-case id="1006" name="Enumeration" fullname="hashes.ReadonlyBytesTests.Enumeration" methodname="Enumeration" classname="hashes.ReadonlyBytesTests" runstate="Runnable" seed="79430761" result="Passed" start-time="2023-03-05T20:07:35.1228927Z" end-time="2023-03-05T20:07:35.1301756Z" duration="0.007283" asserts="1" />
        <test-case id="1007" name="EqualOnSameBytes" fullname="hashes.ReadonlyBytesTests.EqualOnSameBytes" methodname="EqualOnSameBytes" classname="hashes.ReadonlyBytesTests" runstate="Runnable" seed="1074925299" result="Passed" start-time="2023-03-05T20:07:35.1301966Z" end-time="2023-03-05T20:07:35.1308360Z" duration="0.000640" asserts="4" />
        <test-case id="1013" name="HashCode" fullname="hashes.ReadonlyBytesTests.HashCode" methodname="HashCode" classname="hashes.ReadonlyBytesTests" runstate="Runnable" seed="1353558147" result="Passed" start-time="2023-03-05T20:07:35.1308460Z" end-time="2023-03-05T20:07:35.1327774Z" duration="0.001932" asserts="8" />
        <test-case id="1004" name="Indexer" fullname="hashes.ReadonlyBytesTests.Indexer" methodname="Indexer" classname="hashes.ReadonlyBytesTests" runstate="Runnable" seed="467115335" result="Passed" start-time="2023-03-05T20:07:35.1327864Z" end-time="2023-03-05T20:07:35.1328831Z" duration="0.000097" asserts="3" />
        <test-case id="1005" name="IndexOutOfRangeException" fullname="hashes.ReadonlyBytesTests.IndexOutOfRangeException" methodname="IndexOutOfRangeException" classname="hashes.ReadonlyBytesTests" runstate="Runnable" seed="758612513" result="Passed" start-time="2023-03-05T20:07:35.1328905Z" end-time="2023-03-05T20:07:35.1415416Z" duration="0.008652" asserts="1" />
        <test-case id="1003" name="Length" fullname="hashes.ReadonlyBytesTests.Length" methodname="Length" classname="hashes.ReadonlyBytesTests" runstate="Runnable" seed="1713116466" result="Passed" start-time="2023-03-05T20:07:35.1415609Z" end-time="2023-03-05T20:07:35.1417269Z" duration="0.000166" asserts="1" />
        <test-case id="1015" name="MassiveCallToGetHashCodeOfLargeBytesArray" fullname="hashes.ReadonlyBytesTests.MassiveCallToGetHashCodeOfLargeBytesArray" methodname="MassiveCallToGetHashCodeOfLargeBytesArray" classname="hashes.ReadonlyBytesTests" runstate="Runnable" seed="74946103" result="Passed" start-time="2023-03-05T20:07:35.1417351Z" end-time="2023-03-05T20:07:35.2657838Z" duration="0.124049" asserts="100000" />
        <test-case id="1008" name="NotEqualIfBytesDiffer" fullname="hashes.ReadonlyBytesTests.NotEqualIfBytesDiffer" methodname="NotEqualIfBytesDiffer" classname="hashes.ReadonlyBytesTests" runstate="Runnable" seed="1446717796" result="Passed" start-time="2023-03-05T20:07:35.2658093Z" end-time="2023-03-05T20:07:35.2663440Z" duration="0.000535" asserts="4" />
        <test-suite type="ParameterizedMethod" id="1012" name="NotEqualWithOtherTypes" fullname="hashes.ReadonlyBytesTests.NotEqualWithOtherTypes" classname="hashes.ReadonlyBytesTests" runstate="Runnable" testcasecount="3" result="Passed" start-time="2023-03-05T20:07:35.2663557Z" end-time="2023-03-05T20:07:35.2672977Z" duration="0.000942" total="3" passed="3" failed="0" warnings="0" inconclusive="0" skipped="0" asserts="9">
          <test-case id="1009" name="NotEqualWithOtherTypes([])" fullname="hashes.ReadonlyBytesTests.NotEqualWithOtherTypes([])" methodname="NotEqualWithOtherTypes" classname="hashes.ReadonlyBytesTests" runstate="Runnable" seed="615068836" result="Passed" start-time="2023-03-05T20:07:35.2665146Z" end-time="2023-03-05T20:07:35.2666267Z" duration="0.000112" asserts="3" />
          <test-case id="1010" name="NotEqualWithOtherTypes([1, 2, 4])" fullname="hashes.ReadonlyBytesTests.NotEqualWithOtherTypes([1, 2, 4])" methodname="NotEqualWithOtherTypes" classname="hashes.ReadonlyBytesTests" runstate="Runnable" seed="407684125" result="Passed" start-time="2023-03-05T20:07:35.2666343Z" end-time="2023-03-05T20:07:35.2666404Z" duration="0.000006" asserts="3" />
          <test-case id="1011" name="NotEqualWithOtherTypes([byte.MinValue])" fullname="hashes.ReadonlyBytesTests.NotEqualWithOtherTypes([byte.MinValue])" methodname="NotEqualWithOtherTypes" classname="hashes.ReadonlyBytesTests" runstate="Runnable" seed="2006826320" result="Passed" start-time="2023-03-05T20:07:35.2666431Z" end-time="2023-03-05T20:07:35.2666455Z" duration="0.000002" asserts="3" />
        </test-suite>
        <test-case id="1014" name="ToStringIsOverridden" fullname="hashes.ReadonlyBytesTests.ToStringIsOverridden" methodname="ToStringIsOverridden" classname="hashes.ReadonlyBytesTests" runstate="Runnable" seed="844186868" result="Passed" start-time="2023-03-05T20:07:35.2676434Z" end-time="2023-03-05T20:07:35.2679103Z" duration="0.000267" asserts="3" />
      </test-suite>
    </test-suite>
  </test-suite>
</test-run>
